{"level":"info","message":"Cron jobs initialized:","music":"0 0 * * *","timestamp":"2025-06-15T16:53:54.811Z","trending":"0 */6 * * *","videos":"0 */3 * * *"}
{"level":"info","message":"Starting All videos update...","timestamp":"2025-06-15T17:00:00.038Z"}
{"level":"info","message":"Starting Trending videos update...","timestamp":"2025-06-15T17:00:00.045Z"}
{"level":"info","message":"Saved 49 new and updated 0 existing videos for videos","timestamp":"2025-06-15T17:00:03.688Z"}
{"level":"info","message":"All videos update completed successfully","timestamp":"2025-06-15T17:00:03.689Z"}
{"level":"info","message":"Saved 50 new and updated 0 existing videos for trending","timestamp":"2025-06-15T17:00:03.890Z"}
{"level":"info","message":"Trending videos update completed successfully","timestamp":"2025-06-15T17:00:03.891Z"}
{"level":"info","message":"Cron jobs initialized:","music":"0 0 * * *","timestamp":"2025-06-15T17:13:23.013Z","trending":"0 */6 * * *","videos":"0 */3 * * *"}
{"jobs":[{"name":"trending","schedule":"0 */6 * * *"},{"name":"music","schedule":"0 0 * * *"},{"name":"videos","schedule":"0 */3 * * *"},{"name":"metrics","schedule":"0 */2 * * *"}],"level":"info","message":"All cron jobs initialized and running","timestamp":"2025-06-15T17:16:29.793Z"}
{"level":"info","message":"Starting Metrics update for existing videos...","timestamp":"2025-06-15T19:00:00.096Z"}
{"level":"info","message":"No stale videos found for metrics update","timestamp":"2025-06-15T19:00:00.377Z"}
{"jobs":[{"name":"trending","schedule":"0 */6 * * *"},{"name":"music","schedule":"0 0 * * *"},{"name":"videos","schedule":"0 */3 * * *"},{"name":"metrics","schedule":"0 */2 * * *"}],"level":"info","message":"All cron jobs initialized and running","timestamp":"2025-06-15T19:26:09.796Z"}
{"jobs":[{"name":"trending","schedule":"0 */6 * * *"},{"name":"music","schedule":"0 0 * * *"},{"name":"videos","schedule":"0 */3 * * *"},{"name":"metrics","schedule":"0 */2 * * *"}],"level":"info","message":"All cron jobs initialized and running","timestamp":"2025-06-15T19:30:23.440Z"}
{"jobs":[{"name":"trending","schedule":"0 */6 * * *"},{"name":"music","schedule":"0 0 * * *"},{"name":"videos","schedule":"0 */3 * * *"},{"name":"metrics","schedule":"0 */2 * * *"}],"level":"info","message":"All cron jobs initialized and running","timestamp":"2025-06-15T19:49:02.018Z"}
{"jobs":[{"name":"trending","schedule":"0 */6 * * *"},{"name":"music","schedule":"0 0 * * *"},{"name":"videos","schedule":"0 */3 * * *"},{"name":"metrics","schedule":"0 */2 * * *"}],"level":"info","message":"All cron jobs initialized and running","timestamp":"2025-06-15T19:54:33.771Z"}
{"jobs":[{"name":"trending","schedule":"0 */6 * * *"},{"name":"music","schedule":"0 0 * * *"},{"name":"videos","schedule":"0 */3 * * *"},{"name":"metrics","schedule":"0 */2 * * *"}],"level":"info","message":"All cron jobs initialized and running","timestamp":"2025-06-15T19:55:19.490Z"}
{"jobs":[{"name":"trending","schedule":"0 */6 * * *"},{"name":"music","schedule":"0 0 * * *"},{"name":"videos","schedule":"0 */3 * * *"},{"name":"metrics","schedule":"0 */2 * * *"}],"level":"info","message":"All cron jobs initialized and running","timestamp":"2025-06-15T19:55:55.851Z"}
{"jobs":[{"name":"trending","schedule":"0 */6 * * *"},{"name":"music","schedule":"0 0 * * *"},{"name":"videos","schedule":"0 */3 * * *"},{"name":"metrics","schedule":"0 */2 * * *"}],"level":"info","message":"All cron jobs initialized and running","timestamp":"2025-06-15T19:59:20.702Z"}
{"level":"info","message":"Starting General videos update...","timestamp":"2025-06-15T20:00:00.048Z"}
{"level":"info","message":"Saved 9 new and updated 40 existing videos for videos","timestamp":"2025-06-15T20:00:03.378Z"}
{"level":"info","message":"General videos update completed successfully","timestamp":"2025-06-15T20:00:03.380Z"}
{"jobs":[{"name":"trending","schedule":"0 */6 * * *"},{"name":"music","schedule":"0 0 * * *"},{"name":"videos","schedule":"0 */3 * * *"},{"name":"metrics","schedule":"0 */2 * * *"}],"level":"info","message":"All cron jobs initialized and running","timestamp":"2025-06-15T20:05:39.790Z"}
{"jobs":[{"name":"trending","schedule":"0 */6 * * *"},{"name":"music","schedule":"0 0 * * *"},{"name":"videos","schedule":"0 */3 * * *"},{"name":"metrics","schedule":"0 */2 * * *"}],"level":"info","message":"All cron jobs initialized and running","timestamp":"2025-06-15T20:07:56.724Z"}
{"jobs":[{"name":"trending","schedule":"0 */6 * * *"},{"name":"music","schedule":"0 0 * * *"},{"name":"videos","schedule":"0 */3 * * *"},{"name":"metrics","schedule":"0 */2 * * *"}],"level":"info","message":"All cron jobs initialized and running","timestamp":"2025-06-15T20:13:06.769Z"}
{"jobs":[{"name":"trending","schedule":"0 */6 * * *"},{"name":"music","schedule":"0 0 * * *"},{"name":"videos","schedule":"0 */3 * * *"},{"name":"metrics","schedule":"0 */2 * * *"}],"level":"info","message":"All cron jobs initialized and running","timestamp":"2025-06-15T20:17:20.866Z"}
{"jobs":[{"name":"trending","schedule":"0 */6 * * *"},{"name":"music","schedule":"0 0 * * *"},{"name":"videos","schedule":"0 */3 * * *"},{"name":"metrics","schedule":"0 */2 * * *"}],"level":"info","message":"All cron jobs initialized and running","timestamp":"2025-06-15T20:21:46.247Z"}
{"jobs":[{"name":"trending","schedule":"0 */6 * * *"},{"name":"music","schedule":"0 0 * * *"},{"name":"videos","schedule":"0 */3 * * *"},{"name":"metrics","schedule":"0 */2 * * *"}],"level":"info","message":"All cron jobs initialized and running","timestamp":"2025-06-15T20:28:07.615Z"}
{"jobs":[{"name":"trending","schedule":"0 */6 * * *"},{"name":"music","schedule":"0 0 * * *"},{"name":"videos","schedule":"0 */3 * * *"},{"name":"metrics","schedule":"0 */2 * * *"}],"level":"info","message":"All cron jobs initialized and running","timestamp":"2025-06-15T20:29:36.410Z"}
{"jobs":[{"name":"trending","schedule":"0 */6 * * *"},{"name":"music","schedule":"0 0 * * *"},{"name":"videos","schedule":"0 */3 * * *"},{"name":"metrics","schedule":"0 */2 * * *"}],"level":"info","message":"All cron jobs initialized and running","timestamp":"2025-06-15T20:31:23.688Z"}
{"jobs":[{"name":"trending","schedule":"0 */6 * * *"},{"name":"music","schedule":"0 0 * * *"},{"name":"videos","schedule":"0 */3 * * *"},{"name":"metrics","schedule":"0 */2 * * *"}],"level":"info","message":"All cron jobs initialized and running","timestamp":"2025-06-15T20:34:50.961Z"}
{"jobs":[{"name":"trending","schedule":"0 */6 * * *"},{"name":"music","schedule":"0 0 * * *"},{"name":"videos","schedule":"0 */3 * * *"},{"name":"metrics","schedule":"0 */2 * * *"}],"level":"info","message":"All cron jobs initialized and running","timestamp":"2025-06-15T20:35:45.515Z"}
{"jobs":[{"name":"trending","schedule":"0 */6 * * *"},{"name":"music","schedule":"0 0 * * *"},{"name":"videos","schedule":"0 */3 * * *"},{"name":"metrics","schedule":"0 */2 * * *"}],"level":"info","message":"All cron jobs initialized and running","timestamp":"2025-06-15T20:39:10.945Z"}
{"jobs":[{"name":"trending","schedule":"0 */6 * * *"},{"name":"music","schedule":"0 0 * * *"},{"name":"videos","schedule":"0 */3 * * *"},{"name":"metrics","schedule":"0 */2 * * *"}],"level":"info","message":"All cron jobs initialized and running","timestamp":"2025-06-15T20:41:20.330Z"}
{"jobs":[{"name":"trending","schedule":"0 */6 * * *"},{"name":"music","schedule":"0 0 * * *"},{"name":"videos","schedule":"0 */3 * * *"},{"name":"metrics","schedule":"0 */2 * * *"}],"level":"info","message":"All cron jobs initialized and running","timestamp":"2025-06-15T20:43:43.427Z"}
{"jobs":[{"name":"trending","schedule":"0 */6 * * *"},{"name":"music","schedule":"0 0 * * *"},{"name":"videos","schedule":"0 */3 * * *"},{"name":"metrics","schedule":"0 */2 * * *"}],"level":"info","message":"All cron jobs initialized and running","timestamp":"2025-06-15T20:48:49.677Z"}
{"jobs":[{"name":"trending","schedule":"0 */6 * * *"},{"name":"music","schedule":"0 0 * * *"},{"name":"videos","schedule":"0 */3 * * *"},{"name":"metrics","schedule":"0 */2 * * *"}],"level":"info","message":"All cron jobs initialized and running","timestamp":"2025-06-15T20:52:09.733Z"}
{"level":"info","message":"Starting Metrics update for existing videos...","timestamp":"2025-06-15T21:00:00.053Z"}
{"level":"info","message":"No stale videos found for metrics update","timestamp":"2025-06-15T21:00:00.217Z"}
{"jobs":[{"name":"trending","schedule":"0 */6 * * *"},{"name":"music","schedule":"0 0 * * *"},{"name":"videos","schedule":"0 */3 * * *"},{"name":"metrics","schedule":"0 */2 * * *"}],"level":"info","message":"All cron jobs initialized and running","timestamp":"2025-06-15T21:06:27.878Z"}
{"jobs":[{"name":"trending","schedule":"0 */6 * * *"},{"name":"music","schedule":"0 0 * * *"},{"name":"videos","schedule":"0 */3 * * *"},{"name":"metrics","schedule":"0 */2 * * *"}],"level":"info","message":"All cron jobs initialized and running","timestamp":"2025-06-15T21:06:35.362Z"}
{"jobs":[{"name":"trending","schedule":"0 */6 * * *"},{"name":"music","schedule":"0 0 * * *"},{"name":"videos","schedule":"0 */3 * * *"},{"name":"metrics","schedule":"0 */2 * * *"}],"level":"info","message":"All cron jobs initialized and running","timestamp":"2025-06-15T21:08:02.247Z"}
{"jobs":[{"name":"trending","schedule":"0 */6 * * *"},{"name":"music","schedule":"0 0 * * *"},{"name":"videos","schedule":"0 */3 * * *"},{"name":"metrics","schedule":"0 */2 * * *"}],"level":"info","message":"All cron jobs initialized and running","timestamp":"2025-06-15T21:08:42.740Z"}
{"level":"info","message":"Cron jobs initialized","schedules":[{"name":"trending","schedule":"0 */6 * * *"},{"name":"music","schedule":"0 0 * * *"},{"name":"videos","schedule":"0 */3 * * *"},{"name":"metrics","schedule":"0 */2 * * *"}],"timestamp":"2025-06-15T21:17:50.514Z"}
{"level":"info","message":"Cron jobs initialized","schedules":[{"name":"trending","schedule":"0 */6 * * *"},{"name":"music","schedule":"0 0 * * *"},{"name":"videos","schedule":"0 */3 * * *"},{"name":"metrics","schedule":"0 */2 * * *"}],"timestamp":"2025-06-15T21:19:23.185Z"}
{"level":"info","message":"Cron jobs initialized","schedules":[{"name":"trending","schedule":"0 */6 * * *"},{"name":"music","schedule":"0 0 * * *"},{"name":"videos","schedule":"0 */3 * * *"},{"name":"metrics","schedule":"0 */2 * * *"}],"timestamp":"2025-06-15T21:20:09.199Z"}
{"level":"info","message":"Cron jobs initialized","schedules":[{"name":"trending","schedule":"0 */6 * * *"},{"name":"music","schedule":"0 0 * * *"},{"name":"videos","schedule":"0 */3 * * *"},{"name":"metrics","schedule":"0 */2 * * *"}],"timestamp":"2025-06-15T21:32:46.235Z"}
{"level":"info","message":"Cron jobs initialized","schedules":[{"name":"trending","schedule":"0 */6 * * *"},{"name":"music","schedule":"0 0 * * *"},{"name":"videos","schedule":"0 */3 * * *"},{"name":"metrics","schedule":"0 */2 * * *"}],"timestamp":"2025-06-15T21:46:37.735Z"}
