{"level":"info","message":"Fetching video details for ID: NnWe5Lhi0G8","timestamp":"2025-06-24T12:46:46.685Z"}
{"level":"info","message":"Successfully stored video: NnWe5Lhi0G8","timestamp":"2025-06-24T12:46:47.468Z"}
{"level":"info","message":"Fetching video details for ID: anPYTDj0Lrc","timestamp":"2025-06-24T13:08:31.923Z"}
{"level":"info","message":"Successfully stored video: anPYTDj0Lrc","timestamp":"2025-06-24T13:08:32.674Z"}
{"level":"info","message":"Fetching video details for ID: l6QMJniQWxQ","timestamp":"2025-06-24T13:09:04.611Z"}
{"level":"info","message":"Successfully stored video: l6QMJniQWxQ","timestamp":"2025-06-24T13:09:05.299Z"}
{"level":"info","message":"Fetching video details for ID: 7adDm9YACpE","timestamp":"2025-06-24T13:09:12.743Z"}
{"level":"info","message":"Successfully stored video: 7adDm9YACpE","timestamp":"2025-06-24T13:09:13.436Z"}
{"level":"info","message":"Fetching video details for ID: helEv0kGHd4","timestamp":"2025-06-24T13:09:19.910Z"}
{"level":"info","message":"Successfully stored video: helEv0kGHd4","timestamp":"2025-06-24T13:09:20.594Z"}
{"level":"info","message":"Fetching video details for ID: 91D1H29rToQ","timestamp":"2025-06-24T14:19:04.952Z"}
{"level":"info","message":"Successfully stored video: 91D1H29rToQ","timestamp":"2025-06-24T14:19:05.743Z"}
{"level":"info","message":"Fetching video details for ID: 3Iyuym-Gci0","timestamp":"2025-06-24T14:36:05.874Z"}
{"level":"info","message":"Successfully stored video: 3Iyuym-Gci0","timestamp":"2025-06-24T14:36:06.663Z"}
{"level":"info","message":"Fetching video details for ID: OSBan_sH_b8","timestamp":"2025-06-24T14:37:03.073Z"}
{"level":"info","message":"Successfully stored video: OSBan_sH_b8","timestamp":"2025-06-24T14:37:03.758Z"}
{"level":"info","message":"Fetching video details for ID: 8ORvJcpe2Oc","timestamp":"2025-06-24T14:37:46.524Z"}
{"level":"info","message":"Successfully stored video: 8ORvJcpe2Oc","timestamp":"2025-06-24T14:37:47.196Z"}
{"level":"info","message":"Fetching video details for ID: iSgXrOsE5hE","timestamp":"2025-06-24T14:38:50.904Z"}
{"level":"info","message":"Successfully stored video: iSgXrOsE5hE","timestamp":"2025-06-24T14:38:51.573Z"}
{"level":"info","message":"Fetching video details for ID: B9H3iinXZv0","timestamp":"2025-06-24T14:39:37.137Z"}
{"level":"info","message":"Successfully stored video: B9H3iinXZv0","timestamp":"2025-06-24T14:39:37.821Z"}
{"level":"info","message":"Fetching video details for ID: 3bFPDfWReN0","timestamp":"2025-06-24T14:40:55.082Z"}
{"level":"info","message":"Successfully stored video: 3bFPDfWReN0","timestamp":"2025-06-24T14:40:55.754Z"}
{"level":"info","message":"Fetching video details for ID: lta5go9P-go","timestamp":"2025-06-24T14:41:41.574Z"}
{"level":"info","message":"Successfully stored video: lta5go9P-go","timestamp":"2025-06-24T14:41:42.237Z"}
{"level":"info","message":"Fetching video details for ID: GoWGGiWDsac","timestamp":"2025-06-24T14:42:37.659Z"}
{"level":"info","message":"Successfully stored video: GoWGGiWDsac","timestamp":"2025-06-24T14:42:38.383Z"}
{"level":"info","message":"Fetching video details for ID: bu5NA6Ypm1w","timestamp":"2025-06-24T14:43:28.573Z"}
{"level":"info","message":"Successfully stored video: bu5NA6Ypm1w","timestamp":"2025-06-24T14:43:29.262Z"}
{"level":"info","message":"Fetching video details for ID: ucVJrja8r6Q","timestamp":"2025-06-24T14:44:00.460Z"}
{"level":"info","message":"Successfully stored video: ucVJrja8r6Q","timestamp":"2025-06-24T14:44:01.157Z"}
{"level":"info","message":"Fetching video details for ID: WWYc2ezruO4","timestamp":"2025-06-24T14:50:02.086Z"}
{"level":"info","message":"Successfully stored video: WWYc2ezruO4","timestamp":"2025-06-24T14:50:03.627Z"}
{"level":"info","message":"Fetching video details for ID: gJPt8ruo2BQ","timestamp":"2025-06-24T15:18:44.930Z"}
{"level":"info","message":"Successfully stored video: gJPt8ruo2BQ","timestamp":"2025-06-24T15:18:46.138Z"}
{"level":"info","message":"Fetching video details for ID: 1x5tIv6GC1o","timestamp":"2025-06-24T15:20:29.075Z"}
{"level":"info","message":"Successfully stored video: 1x5tIv6GC1o","timestamp":"2025-06-24T15:20:29.771Z"}
{"level":"info","message":"Fetching video details for ID: 8MNJl0L2xe8","timestamp":"2025-06-24T15:22:33.424Z"}
{"level":"info","message":"Successfully stored video: 8MNJl0L2xe8","timestamp":"2025-06-24T15:22:34.149Z"}
{"level":"info","message":"Fetching video details for ID: juBnNBm0cPw","timestamp":"2025-06-24T15:24:35.052Z"}
{"level":"info","message":"Successfully stored video: juBnNBm0cPw","timestamp":"2025-06-24T15:24:35.829Z"}
{"level":"info","message":"Fetching video details for ID: SbgKpHi-Cao","timestamp":"2025-06-24T15:26:38.225Z"}
{"level":"info","message":"Successfully stored video: SbgKpHi-Cao","timestamp":"2025-06-24T15:26:38.920Z"}
{"level":"info","message":"Fetching video details for ID: QGrxqOcZpZU","timestamp":"2025-06-24T15:27:56.257Z"}
{"level":"info","message":"Successfully stored video: QGrxqOcZpZU","timestamp":"2025-06-24T15:27:56.961Z"}
{"level":"info","message":"Fetching video details for ID: UVte8a_2q80","timestamp":"2025-06-24T15:29:31.460Z"}
{"level":"info","message":"Successfully stored video: UVte8a_2q80","timestamp":"2025-06-24T15:29:32.268Z"}
{"level":"info","message":"Fetching video details for ID: kFDu6ACKLKo","timestamp":"2025-06-24T15:32:31.100Z"}
{"level":"info","message":"Successfully stored video: kFDu6ACKLKo","timestamp":"2025-06-24T15:32:31.839Z"}
{"level":"info","message":"Fetching video details for ID: Cd2bwLcgGGg","timestamp":"2025-06-24T15:33:27.732Z"}
{"level":"info","message":"Successfully stored video: Cd2bwLcgGGg","timestamp":"2025-06-24T15:33:28.408Z"}
{"level":"info","message":"Fetching video details for ID: _t0qtSKOpO4","timestamp":"2025-06-24T15:35:09.995Z"}
{"level":"info","message":"Successfully stored video: _t0qtSKOpO4","timestamp":"2025-06-24T15:35:11.316Z"}
